<?xml version="1.0" encoding="UTF-8"?>
<testng-results ignored="0" total="1" passed="1" failed="0" skipped="0">
  <reporter-output>
  </reporter-output>
  <suite started-at="2023-03-22T05:15:05Z" name="Default suite" finished-at="2023-03-22T05:15:10Z" duration-ms="4397">
    <groups>
      <group name="cucumber">
        <method signature="AbstractTestNGCucumberTests.runScenario(io.cucumber.testng.PickleEventWrapper, io.cucumber.testng.CucumberFeatureWrapper)[pri:0, instance:com.runner.TestRunner@5fb759d6]" name="runScenario" class="io.cucumber.testng.AbstractTestNGCucumberTests"/>
      </group> <!-- cucumber -->
    </groups>
    <test started-at="2023-03-22T05:15:05Z" name="Default test" finished-at="2023-03-22T05:15:10Z" duration-ms="4397">
      <class name="com.runner.TestRunner">
        <test-method is-config="true" signature="setUpClass()[pri:0, instance:com.runner.TestRunner@5fb759d6]" started-at="2023-03-22T05:15:05Z" name="setUpClass" finished-at="2023-03-22T05:15:05Z" duration-ms="100" status="PASS">
          <reporter-output>
          </reporter-output>
        </test-method> <!-- setUpClass -->
        <test-method signature="runScenario(io.cucumber.testng.PickleEventWrapper, io.cucumber.testng.CucumberFeatureWrapper)[pri:0, instance:com.runner.TestRunner@5fb759d6]" started-at="2023-03-22T05:15:05Z" name="runScenario" description="Runs Cucumber Scenarios" data-provider="scenarios" finished-at="2023-03-22T05:15:10Z" duration-ms="4223" status="PASS">
          <params>
            <param index="0">
              <value>
                <![CDATA["Facebook Title validation"]]>
              </value>
            </param>
            <param index="1">
              <value>
                <![CDATA["Validating facebook page"]]>
              </value>
            </param>
          </params>
          <reporter-output>
          </reporter-output>
        </test-method> <!-- runScenario -->
        <test-method is-config="true" signature="tearDownClass()[pri:0, instance:com.runner.TestRunner@5fb759d6]" started-at="2023-03-22T05:15:10Z" name="tearDownClass" finished-at="2023-03-22T05:15:10Z" duration-ms="33" status="PASS">
          <reporter-output>
          </reporter-output>
        </test-method> <!-- tearDownClass -->
      </class> <!-- com.runner.TestRunner -->
    </test> <!-- Default test -->
  </suite> <!-- Default suite -->
</testng-results>
